make all --print-data-base --no-builtin-variables --no-builtin-rules --question
# GNU Make 3.81
# Copyright (C) 2006  Free Software Foundation, Inc.
# This is free software; see the source for copying conditions.
# There is NO warranty; not even for MERCHANTABILITY or FITNESS FOR A
# PARTICULAR PURPOSE.

# This program built for i386-apple-darwin11.3.0
 

# Make data base, printed on Sat Aug 20 12:42:52 2022

# Variables

# automatic
<D = $(patsubst %/,%,$(dir $<))
# automatic
?F = $(notdir $?)
# makefile (from `Makefile', line 35)
OBJ = ${SRC:.c=.o}
# makefile (from `Makefile', line 13)
SRC = src/main.c                  		    src/mini_ctrls.c src/mini_init.c           		      	src/mini_tools.c src/mini_cmd.c              		    src/mini_check.c src/mini_cmd_opt.c            			src/mini_cmd_arg.c src/mini_cmd2.c               			src/mini_parse.c src/mini_run_cmd.c             			src/mini_free.c src/mini_envar.c                		src/mini_envar_tools.c src/mini_envar_export.c           		src/mini_envar_unset.c src/mini_echo_tools.c               	src/mini_cd_tools.c src/mini_quotes_split.c         	    src/mini_quotes_checker.c src/mini_envar_export_tools.c			src/mini_expand_tools.c src/mini_expand_pre.c 					src/mini_expand_envar.c src/mini_expand_action.c      			src/mini_echo_parse.c src/mini_pre_execute.c					src/mini_run.c src/mini_execute.c						src/mini_redir_tools.c src/mini_redir_pre.c					src/mini_redir_isvalid.c src/mini_redir_take_valid.c             src/mini_redir_getredir.c src/mini_redir_reline.c					src/mini_redir_split.c src/mini_redir_get_parts.c              src/mini_echo_arg_redir.c src/mini_pipe.c							src/mini_redir.c src/mini_redir_wpip.c					src/mini_exit_pre.c
# automatic
?D = $(patsubst %/,%,$(dir $?))
# automatic
@D = $(patsubst %/,%,$(dir $@))
# automatic
@F = $(notdir $@)
# makefile
CURDIR := /Users/balnahdi/mini-chan-1
# makefile
SHELL = /bin/sh
# makefile (from `Makefile', line 47)
RM = rm -rf
# environment
VSCODE_NLS_CONFIG = {"locale":"en-us","availableLanguages":{},"_languagePackSupport":true}
# environment
_ = /usr/bin/make
# makefile (from `Makefile', line 42)
CFLAGS = -Wall -Werror -Wextra -g -I /usr/local/opt/readline/include
# makefile (from `Makefile', line 1)
MAKEFILE_LIST :=  Makefile
# environment
VSCODE_CWD = /
# environment
PATH = /usr/local/bin:/usr/bin:/bin:/usr/sbin:/sbin:/usr/local/munki:/Users/balnahdi/Documents/42-ValgrindContainer
# environment
ELECTRON_RUN_AS_NODE = 1
# default
.FEATURES := target-specific order-only second-expansion else-if archives jobserver check-symlink
# environment
SSH_AUTH_SOCK = /private/tmp/com.apple.launchd.BHGVNQxMUl/Listeners
# automatic
%F = $(notdir $%)
# environment
PWD = /Users/balnahdi/mini-chan-1
# environment
ORIGINAL_XDG_CURRENT_DESKTOP = undefined
# environment
VSCODE_AMD_ENTRYPOINT = vs/workbench/api/node/extensionHostProcess
# environment
HOME = /Users/balnahdi
# default
MAKEFILEPATH = $(shell /usr/bin/xcode-select -print-path 2>/dev/null || echo /Developer)/Makefiles
# environment
VSCODE_CODE_CACHE_PATH = /Users/balnahdi/Library/Application Support/Code/CachedData/6d9b74a70ca9c7733b29f0456fd8195364076dda
# environment
LOGNAME = balnahdi
# environment
APPLICATION_INSIGHTS_NO_DIAGNOSTIC_CHANNEL = true
# environment
VSCODE_HANDLES_UNCAUGHT_ERRORS = true
# automatic
^D = $(patsubst %/,%,$(dir $^))
# environment
XPC_FLAGS = 0x0
# default
MAKE = $(MAKE_COMMAND)
# default
MAKECMDGOALS := all
# environment
SHLVL = 1
# makefile (from `Makefile', line 39)
CC = gcc
# default
MAKE_VERSION := 3.81
# environment
USER = balnahdi
# makefile
.DEFAULT_GOAL := all
# makefile (from `Makefile', line 37)
NAME = minishell
# automatic
%D = $(patsubst %/,%,$(dir $%))
# makefile (from `Makefile', line 45)
LINKS = -lreadline -L /usr/local/opt/readline/lib
# default
MAKE_COMMAND := /Library/Developer/CommandLineTools/usr/bin/make
# default
.VARIABLES := 
# environment
TMPDIR = /var/folders/zz/zyxvpxvq6csfxvn_n000cb980032t_/T/
# automatic
*F = $(notdir $*)
# environment
VSCODE_IPC_HOOK = /Users/balnahdi/Library/Application Support/Code/1.70.1-main.sock
# environment
MallocNanoZone = 0
# makefile
MAKEFLAGS = Rrqp
# environment
MFLAGS = -Rrqp
# automatic
*D = $(patsubst %/,%,$(dir $*))
# environment
XPC_SERVICE_NAME = com.microsoft.VSCode.2448
# automatic
+D = $(patsubst %/,%,$(dir $+))
# automatic
+F = $(notdir $+)
# environment
__CF_USER_TEXT_ENCODING = 0x18B4A:0x0:0x0
# default
MAKEFILES := 
# automatic
<F = $(notdir $<)
# environment
LC_ALL = C
# automatic
^F = $(notdir $^)
# default
SUFFIXES := 
# default
.INCLUDE_DIRS = /usr/local/include
# environment
MAKELEVEL := 0
# environment
LANG = C
# environment
VSCODE_PID = 3086
# variable set hash-table stats:
# Load=63/1024=6%, Rehash=0, Collisions=3/91=3%

# Pattern-specific Variable Values

# No pattern-specific variable values.

# Directories

# . (device 16777225, inode 1059036): 29 files, no impossibilities.

# 29 files, no impossibilities in 1 directories.

# Implicit Rules

# No implicit rules.

# Files

# Not a target:
src/mini_free.o:
#  Implicit rule search has not been done.
#  Modification time never checked.
#  File has not been updated.

# Not a target:
src/mini_quotes_checker.o:
#  Implicit rule search has not been done.
#  Modification time never checked.
#  File has not been updated.

# Not a target:
src/mini_init.o:
#  Implicit rule search has not been done.
#  Modification time never checked.
#  File has not been updated.

all: minishell
#  Command-line target.
#  Implicit rule search has been done.
#  File does not exist.
#  File has not been updated.
# variable set hash-table stats:
# Load=0/32=0%, Rehash=0, Collisions=0/0=0%

# Not a target:
src/mini_parse.o:
#  Implicit rule search has not been done.
#  Modification time never checked.
#  File has not been updated.

# Not a target:
src/mini_envar_unset.o:
#  Implicit rule search has not been done.
#  Modification time never checked.
#  File has not been updated.

# Not a target:
src/main.o:
#  Implicit rule search has been done.
#  File does not exist.
#  File has not been updated.
# variable set hash-table stats:
# Load=0/32=0%, Rehash=0, Collisions=0/0=0%

# Not a target:
src/mini_echo_arg_redir.o:
#  Implicit rule search has not been done.
#  Modification time never checked.
#  File has not been updated.

# Not a target:
src/mini_redir_tools.o:
#  Implicit rule search has not been done.
#  Modification time never checked.
#  File has not been updated.

# Not a target:
src/mini_cmd_arg.o:
#  Implicit rule search has not been done.
#  Modification time never checked.
#  File has not been updated.

# Not a target:
src/mini_redir_reline.o:
#  Implicit rule search has not been done.
#  Modification time never checked.
#  File has not been updated.

# Not a target:
src/mini_redir_isvalid.o:
#  Implicit rule search has not been done.
#  Modification time never checked.
#  File has not been updated.

# Not a target:
src/mini_cmd_opt.o:
#  Implicit rule search has not been done.
#  Modification time never checked.
#  File has not been updated.

# Not a target:
src/mini_execute.o:
#  Implicit rule search has not been done.
#  Modification time never checked.
#  File has not been updated.

# Not a target:
.SUFFIXES:
#  Implicit rule search has not been done.
#  Modification time never checked.
#  File has not been updated.

# Not a target:
src/mini_tools.o:
#  Implicit rule search has not been done.
#  Modification time never checked.
#  File has not been updated.

# Not a target:
Makefile:
#  Implicit rule search has been done.
#  Last modified 2022-08-17 12:02:27
#  File has been updated.
#  Successfully updated.
# variable set hash-table stats:
# Load=0/32=0%, Rehash=0, Collisions=0/0=0%

# Not a target:
src/mini_echo_tools.o:
#  Implicit rule search has not been done.
#  Modification time never checked.
#  File has not been updated.

# Not a target:
src/mini_quotes_split.o:
#  Implicit rule search has not been done.
#  Modification time never checked.
#  File has not been updated.

# Not a target:
src/mini_expand_pre.o:
#  Implicit rule search has not been done.
#  Modification time never checked.
#  File has not been updated.

# Not a target:
src/mini_run_cmd.o:
#  Implicit rule search has not been done.
#  Modification time never checked.
#  File has not been updated.

# Not a target:
src/mini_pre_execute.o:
#  Implicit rule search has not been done.
#  Modification time never checked.
#  File has not been updated.

# Not a target:
src/mini_redir_split.o:
#  Implicit rule search has not been done.
 
make: *** No rule to make target `src/main.o', needed by `minishell'.  Stop.

#  Modification time never checked.
#  File has not been updated.

# Not a target:
src/mini_cmd.o:
#  Implicit rule search has not been done.
#  Modification time never checked.
#  File has not been updated.

# Not a target:
src/mini_envar.o:
#  Implicit rule search has not been done.
#  Modification time never checked.
#  File has not been updated.

minishell: src/main.o src/mini_ctrls.o src/mini_init.o src/mini_tools.o src/mini_cmd.o src/mini_check.o src/mini_cmd_opt.o src/mini_cmd_arg.o src/mini_cmd2.o src/mini_parse.o src/mini_run_cmd.o src/mini_free.o src/mini_envar.o src/mini_envar_tools.o src/mini_envar_export.o src/mini_envar_unset.o src/mini_echo_tools.o src/mini_cd_tools.o src/mini_quotes_split.o src/mini_quotes_checker.o src/mini_envar_export_tools.o src/mini_expand_tools.o src/mini_expand_pre.o src/mini_expand_envar.o src/mini_expand_action.o src/mini_echo_parse.o src/mini_pre_execute.o src/mini_run.o src/mini_execute.o src/mini_redir_tools.o src/mini_redir_pre.o src/mini_redir_isvalid.o src/mini_redir_take_valid.o src/mini_redir_getredir.o src/mini_redir_reline.o src/mini_redir_split.o src/mini_redir_get_parts.o src/mini_echo_arg_redir.o src/mini_pipe.o src/mini_redir.o src/mini_redir_wpip.o src/mini_exit_pre.o
#  Implicit rule search has not been done.
#  File does not exist.
#  File has not been updated.
# variable set hash-table stats:
# Load=0/32=0%, Rehash=0, Collisions=0/0=0%
#  commands to execute (from `Makefile', line 55):
	@ ${MAKE} -C ./libft
	@ ${CC} ${SRC} ./libft/libft.a -o ${NAME} ${CFLAGS} ${LINKS}
	@ afplay WAKUWAKU.mp3
	

.c.o:
#  Implicit rule search has not been done.
#  Modification time never checked.
#  File has not been updated.
#  commands to execute (from `Makefile', line 52):
	@ ${CC} ${CFLAGS} -c $< -o ${<:.c=.o}
	

fclean: clean
#  Implicit rule search has not been done.
#  Modification time never checked.
#  File has not been updated.
#  commands to execute (from `Makefile', line 74):
	@ ${RM} ${NAME}
	@ ${MAKE} fclean -C ./libft
	

# Not a target:
src/mini_check.o:
#  Implicit rule search has not been done.
#  Modification time never checked.
#  File has not been updated.

# Not a target:
src/mini_ctrls.o:
#  Implicit rule search has not been done.
#  Modification time never checked.
#  File has not been updated.

# Not a target:
src/mini_redir_getredir.o:
#  Implicit rule search has not been done.
#  Modification time never checked.
#  File has not been updated.

# Not a target:
src/mini_expand_tools.o:
#  Implicit rule search has not been done.
#  Modification time never checked.
#  File has not been updated.

# Not a target:
src/mini_cd_tools.o:
#  Implicit rule search has not been done.
#  Modification time never checked.
#  File has not been updated.

# Not a target:
.DEFAULT:
#  Implicit rule search has not been done.
#  Modification time never checked.
#  File has not been updated.

# Not a target:
src/mini_echo_parse.o:
#  Implicit rule search has not been done.
#  Modification time never checked.
#  File has not been updated.

# Not a target:
src/mini_pipe.o:
#  Implicit rule search has not been done.
#  Modification time never checked.
#  File has not been updated.

re: fclean all
#  Implicit rule search has not been done.
#  Modification time never checked.
#  File has not been updated.

# Not a target:
src/mini_expand_envar.o:
#  Implicit rule search has not been done.
#  Modification time never checked.
#  File has not been updated.

clean:
#  Implicit rule search has not been done.
#  Modification time never checked.
#  File has not been updated.
#  commands to execute (from `Makefile', line 70):
	@ ${RM} ${OBJ}
	@ ${MAKE} clean -C ./libft
	

# Not a target:
src/mini_expand_action.o:
#  Implicit rule search has not been done.
#  Modification time never checked.
#  File has not been updated.

# Not a target:
src/mini_envar_tools.o:
#  Implicit rule search has not been done.
#  Modification time never checked.
#  File has not been updated.

# Not a target:
src/mini_redir_take_valid.o:
#  Implicit rule search has not been done.
#  Modification time never checked.
#  File has not been updated.

# Not a target:
src/mini_cmd2.o:
#  Implicit rule search has not been done.
#  Modification time never checked.
#  File has not been updated.

# Not a target:
src/mini_redir.o:
#  Implicit rule search has not been done.
#  Modification time never checked.
#  File has not been updated.

# Not a target:
src/mini_run.o:
#  Implicit rule search has not been done.
#  Modification time never checked.
#  File has not been updated.

# Not a target:
src/mini_exit_pre.o:
#  Implicit rule search has not been done.
#  Modification time never checked.
#  File has not been updated.

# Not a target:
src/mini_redir_get_parts.o:
#  Implicit rule search has not been done.
#  Modification time never checked.
#  File has not been updated.

# Not a target:
src/mini_envar_export.o:
#  Implicit rule search has not been done.
#  Modification time never checked.
#  File has not been updated.

# Not a target:
src/mini_redir_pre.o:
#  Implicit rule search has not been done.
#  Modification time never checked.
#  File has not been updated.

# Not a target:
src/mini_redir_wpip.o:
#  Implicit rule search has not been done.
#  Modification time never checked.
#  File has not been updated.

# Not a target:
src/mini_envar_export_tools.o:
#  Implicit rule search has not been done.
#  Modification time never checked.
#  File has not been updated.

# files hash-table stats:
# Load=51/1024=5%, Rehash=0, Collisions=6/110=5%
# VPATH Search Paths

# No `vpath' search paths.

# No general (`VPATH' variable) search path.

# # of strings in strcache: 1
# # of strcache buffers: 1
# strcache size: total = 4096 / max = 4096 / min = 4096 / avg = 4096
# strcache free: total = 4087 / max = 4087 / min = 4087 / avg = 4087

# Finished Make data base on Sat Aug 20 12:42:52 2022

 
